{"logLevel":"debug","message":"multithreading is set to false"}
{"logLevel":"debug","message":"Using reflection to scan dependencies for gauge implementations..."}
SLF4J: Failed to load class "org.slf4j.impl.StaticLoggerBinder".
SLF4J: Defaulting to no-operation (NOP) logger implementation
SLF4J: See http://www.slf4j.org/codes.html#StaticLoggerBinder for further details.
{"logLevel":"debug","message":"gauge-java took 767milliseconds to load and scan. This should be less than 'runner_connection_timeout' config value."}
{"logLevel":"debug","message":"run 'gauge config runner_connection_timeout' and verify that it is < 767"}
{"logLevel":"debug","message":"starting gRPC server..."}
{"logLevel":"debug","message":"started gRPC server on port 36499"}
{"logLevel":"info","message":"Listening on port:36499"}
{"logLevel":"debug","message":"Scanning packages for steps"}
{"logLevel":"debug","message":"Comparing 'StepImplementation.NavigatetoXenonstackpage' and 'StepImplementation.NavigatetoXenonstackpage'"}
{"logLevel":"debug","message":"Found Navigate to Xenonstack page in current project scope."}
{"logLevel":"debug","message":"Comparing 'StepImplementation.Entervalidusernameandvalidpassword' and 'StepImplementation.Entervalidusernameandvalidpassword'"}
{"logLevel":"debug","message":"Found Enter valid username and valid password in current project scope."}
{"logLevel":"debug","message":"Comparing 'StepImplementation.Clickonlogin' and 'StepImplementation.Clickonlogin'"}
{"logLevel":"debug","message":"Found Click on login in current project scope."}
{"logLevel":"debug","message":"Comparing 'StepImplementation.CheckaccountDetails' and 'StepImplementation.CheckaccountDetails'"}
{"logLevel":"debug","message":"Found Check accountDetails in current project scope."}
{"logLevel":"debug","message":"Scanning packages for hooks"}
{"logLevel":"debug","message":"Scanned steps (using static parsing + reflections): "}
{"logLevel":"debug","message":"\tClick on login : public void Clickonlogin() throws InterruptedException"}
{"logLevel":"debug","message":"\tNavigate to Xenonstack page : public void NavigatetoXenonstackpage() throws InterruptedException"}
{"logLevel":"debug","message":"\tEnter valid username and valid password : public void Entervalidusernameandvalidpassword() throws InterruptedException"}
{"logLevel":"debug","message":"\tCheck accountDetails : public void CheckaccountDetails() throws InterruptedException"}
Starting ChromeDriver 103.0.5060.53 (a1711811edd74ff1cf2150f36ffa3b0dae40b17f-refs/branch-heads/5060@{#853}) on port 27032
Only local connections are allowed.
Please see https://chromedriver.chromium.org/security-considerations for suggestions on keeping ChromeDriver safe.
ChromeDriver was started successfully.
Jun 23, 2022 1:38:08 PM org.openqa.selenium.remote.ProtocolHandshake createSession
INFO: Detected dialect: W3C
{"logLevel":"debug","message":"Executing 'Navigate to Xenonstack page' using 'class StepImplementation.NavigatetoXenonstackpage"}
Starting ChromeDriver 103.0.5060.53 (a1711811edd74ff1cf2150f36ffa3b0dae40b17f-refs/branch-heads/5060@{#853}) on port 31320
Only local connections are allowed.
Please see https://chromedriver.chromium.org/security-considerations for suggestions on keeping ChromeDriver safe.
ChromeDriver was started successfully.
Jun 23, 2022 1:38:09 PM org.openqa.selenium.remote.ProtocolHandshake createSession
INFO: Detected dialect: W3C
{"logLevel":"debug","message":"Executing 'Enter valid username and valid password' using 'class StepImplementation.Entervalidusernameandvalidpassword"}
{"logLevel":"debug","message":"Executing 'Click on login' using 'class StepImplementation.Clickonlogin"}
{"logLevel":"debug","message":"Executing 'Check accountDetails' using 'class StepImplementation.CheckaccountDetails"}
{"logLevel":"debug","message":"Killing Java runner..."}
{"logLevel":"debug","message":"Stopping execution pool..."}
{"logLevel":"debug","message":"Shutting down grpc server..."}
{"logLevel":"debug","message":"Runner killed gracefully."}
