{"logLevel":"debug","message":"multithreading is set to false"}
{"logLevel":"debug","message":"Using reflection to scan dependencies for gauge implementations..."}
SLF4J: Failed to load class "org.slf4j.impl.StaticLoggerBinder".
SLF4J: Defaulting to no-operation (NOP) logger implementation
SLF4J: See http://www.slf4j.org/codes.html#StaticLoggerBinder for further details.
{"logLevel":"debug","message":"gauge-java took 1132milliseconds to load and scan. This should be less than 'runner_connection_timeout' config value."}
{"logLevel":"debug","message":"run 'gauge config runner_connection_timeout' and verify that it is < 1132"}
{"logLevel":"debug","message":"starting gRPC server..."}
{"logLevel":"debug","message":"started gRPC server on port 64866"}
{"logLevel":"info","message":"Listening on port:64866"}
{"logLevel":"debug","message":"Scanning packages for steps"}
{"logLevel":"debug","message":"Comparing 'StepImplementation.Gotomodule2' and 'StepImplementation.Gotomodule2'"}
{"logLevel":"debug","message":"Found Go to module2 in current project scope."}
{"logLevel":"debug","message":"Comparing 'StepImplementation.Gotomodule1' and 'StepImplementation.Gotomodule1'"}
{"logLevel":"debug","message":"Found Go to module1 in current project scope."}
{"logLevel":"debug","message":"Comparing 'StepImplementation.NavigatetoXenonstackpage' and 'StepImplementation.NavigatetoXenonstackpage'"}
{"logLevel":"debug","message":"Found Navigate to Xenonstack page in current project scope."}
{"logLevel":"debug","message":"Comparing 'StepImplementation.Gotomodule4' and 'StepImplementation.Gotomodule4'"}
{"logLevel":"debug","message":"Found Go to module4 in current project scope."}
{"logLevel":"debug","message":"Comparing 'StepImplementation.Gotomodule3' and 'StepImplementation.Gotomodule3'"}
{"logLevel":"debug","message":"Found Go to module3 in current project scope."}
{"logLevel":"debug","message":"Comparing 'StepImplementation.ValidateaccountDetails' and 'StepImplementation.ValidateaccountDetails'"}
{"logLevel":"debug","message":"Found Validate accountDetails in current project scope."}
{"logLevel":"debug","message":"Comparing 'StepImplementation.Clickonlogin' and 'StepImplementation.Clickonlogin'"}
{"logLevel":"debug","message":"Found Click on login in current project scope."}
{"logLevel":"debug","message":"Comparing 'StepImplementation.ValidatepersonalDetails' and 'StepImplementation.ValidatepersonalDetails'"}
{"logLevel":"debug","message":"Found Validate personalDetails in current project scope."}
{"logLevel":"debug","message":"Comparing 'Googlespec.goToGoogle' and 'Googlespec.goToGoogle'"}
{"logLevel":"debug","message":"Found Go to google in current project scope."}
{"logLevel":"debug","message":"Comparing 'StepImplementation.ValidateotherDetails' and 'StepImplementation.ValidateotherDetails'"}
{"logLevel":"debug","message":"Found Validate otherDetails in current project scope."}
{"logLevel":"debug","message":"Comparing 'StepImplementation.Gototrainingpage' and 'StepImplementation.Gototrainingpage'"}
{"logLevel":"debug","message":"Found Go to training page in current project scope."}
{"logLevel":"debug","message":"Comparing 'StepImplementation.ValidateeducationDetails' and 'StepImplementation.ValidateeducationDetails'"}
{"logLevel":"debug","message":"Found Validate educationDetails in current project scope."}
{"logLevel":"debug","message":"Comparing 'StepImplementation.Entervalidusernameandvalidpassword' and 'StepImplementation.Entervalidusernameandvalidpassword'"}
{"logLevel":"debug","message":"Found Enter valid username and valid password in current project scope."}
{"logLevel":"debug","message":"Comparing 'StepImplementation.Loggingout' and 'StepImplementation.Loggingout'"}
{"logLevel":"debug","message":"Found Logging out in current project scope."}
{"logLevel":"debug","message":"Scanning packages for hooks"}
{"logLevel":"debug","message":"Scanned steps (using static parsing + reflections): "}
{"logLevel":"debug","message":"\tNavigate to Xenonstack page : public void NavigatetoXenonstackpage() throws InterruptedException"}
{"logLevel":"debug","message":"\tValidate educationDetails : public void ValidateeducationDetails() throws InterruptedException"}
{"logLevel":"debug","message":"\tGo to module3 : public void Gotomodule3() throws InterruptedException"}
{"logLevel":"debug","message":"\tValidate personalDetails : public void ValidatepersonalDetails() throws InterruptedException"}
{"logLevel":"debug","message":"\tGo to module4 : public void Gotomodule4() throws InterruptedException"}
{"logLevel":"debug","message":"\tGo to module1 : public void Gotomodule1() throws InterruptedException"}
{"logLevel":"debug","message":"\tGo to module2 : public void Gotomodule2() throws InterruptedException"}
{"logLevel":"debug","message":"\tLogging out : public void Loggingout() throws InterruptedException"}
{"logLevel":"debug","message":"\tClick on login : public void Clickonlogin() throws InterruptedException"}
{"logLevel":"debug","message":"\tValidate otherDetails : public void ValidateotherDetails() throws InterruptedException"}
{"logLevel":"debug","message":"\tEnter valid username and valid password : public void Entervalidusernameandvalidpassword() throws InterruptedException"}
{"logLevel":"debug","message":"\tValidate accountDetails : public void ValidateaccountDetails() throws InterruptedException"}
{"logLevel":"debug","message":"\tGo to training page : public void Gototrainingpage() throws InterruptedException"}
{"logLevel":"debug","message":"\tGo to google : public void goToGoogle() throws InterruptedException"}
Starting ChromeDriver 100.0.4896.60 (6a5d10861ce8de5fce22564658033b43cb7de047-refs/branch-heads/4896@{#875}) on port 35494
Only local connections are allowed.
Please see https://chromedriver.chromium.org/security-considerations for suggestions on keeping ChromeDriver safe.
ChromeDriver was started successfully.
Jun 26, 2022 8:13:31 PM org.openqa.selenium.remote.ProtocolHandshake createSession
INFO: Detected dialect: W3C
{"logLevel":"debug","message":"Executing 'Navigate to Xenonstack page' using 'class StepImplementation.NavigatetoXenonstackpage"}
Starting ChromeDriver 100.0.4896.60 (6a5d10861ce8de5fce22564658033b43cb7de047-refs/branch-heads/4896@{#875}) on port 30903
Only local connections are allowed.
Please see https://chromedriver.chromium.org/security-considerations for suggestions on keeping ChromeDriver safe.
ChromeDriver was started successfully.
Jun 26, 2022 8:13:33 PM org.openqa.selenium.remote.ProtocolHandshake createSession
INFO: Detected dialect: W3C
{"logLevel":"debug","message":"Executing 'Enter valid username and valid password' using 'class StepImplementation.Entervalidusernameandvalidpassword"}
{"logLevel":"debug","message":"Executing 'Click on login' using 'class StepImplementation.Clickonlogin"}
{"logLevel":"debug","message":"Executing 'Validate accountDetails' using 'class StepImplementation.ValidateaccountDetails"}
[1656254626.198][WARNING]: Timed out connecting to Chrome, retrying...
{"logLevel":"debug","message":"Executing 'Go to training page' using 'class StepImplementation.Gototrainingpage"}
[1656254638.873][WARNING]: Timed out connecting to Chrome, retrying...
{"logLevel":"debug","message":"Executing 'Logging out' using 'class StepImplementation.Loggingout"}
[1656254651.402][WARNING]: Timed out connecting to Chrome, retrying...
{"logLevel":"debug","message":"Killing Java runner..."}
{"logLevel":"debug","message":"Stopping execution pool..."}
{"logLevel":"debug","message":"Shutting down grpc server..."}
{"logLevel":"debug","message":"Runner killed gracefully."}
